[25-Nov-2018 18:10:39 UTC] PHP Notice:  Undefined offset: 0 in /Users/student/Desktop/soundblogChilddg/wp-content/plugins/advanced-custom-fields/includes/fields/class-acf-field-user.php on line 212
[25-Nov-2018 18:23:01 UTC] PHP Notice:  Undefined variable: user in /Users/student/Desktop/soundblogChilddg/wp-content/themes/twentyseventeen-child/functions.php on line 24
[25-Nov-2018 18:33:03 UTC] PHP Fatal error:  Uncaught Error: Function name must be a string in /Users/student/Desktop/soundblogChilddg/wp-content/themes/twentyseventeen-child/functions.php:25
Stack trace:
#0 /Users/student/Desktop/soundblogChilddg/wp-content/themes/twentyseventeen-child/template-parts/post/content.php(26): twentyseventeen_posted_on()
#1 /Users/student/Desktop/soundblogChilddg/wp-includes/template.php(690): require('/Users/student/...')
#2 /Users/student/Desktop/soundblogChilddg/wp-includes/template.php(647): load_template('/Users/student/...', false)
#3 /Users/student/Desktop/soundblogChilddg/wp-includes/general-template.php(155): locate_template(Array, true, false)
#4 /Users/student/Desktop/soundblogChilddg/wp-content/themes/twentyseventeen-child/single.php(23): get_template_part('template-parts/...', '')
#5 /Users/student/Desktop/soundblogChilddg/wp-includes/template-loader.php(74): include('/Users/student/...')
#6 /Users/student/Desktop/soundblogChilddg/wp-blog-header.php(19): require_once('/Users/student/...')
#7 /Users/student/Desk in /Users/student/Desktop/soundblogChilddg/wp-content/themes/twentyseventeen-child/functions.php on line 25
[25-Nov-2018 18:33:31 UTC] PHP Fatal error:  Uncaught Error: Function name must be a string in /Users/student/Desktop/soundblogChilddg/wp-content/themes/twentyseventeen-child/functions.php:25
Stack trace:
#0 /Users/student/Desktop/soundblogChilddg/wp-content/themes/twentyseventeen-child/template-parts/post/content.php(26): twentyseventeen_posted_on()
#1 /Users/student/Desktop/soundblogChilddg/wp-includes/template.php(690): require('/Users/student/...')
#2 /Users/student/Desktop/soundblogChilddg/wp-includes/template.php(647): load_template('/Users/student/...', false)
#3 /Users/student/Desktop/soundblogChilddg/wp-includes/general-template.php(155): locate_template(Array, true, false)
#4 /Users/student/Desktop/soundblogChilddg/wp-content/themes/twentyseventeen-child/single.php(23): get_template_part('template-parts/...', '')
#5 /Users/student/Desktop/soundblogChilddg/wp-includes/template-loader.php(74): include('/Users/student/...')
#6 /Users/student/Desktop/soundblogChilddg/wp-blog-header.php(19): require_once('/Users/student/...')
#7 /Users/student/Desk in /Users/student/Desktop/soundblogChilddg/wp-content/themes/twentyseventeen-child/functions.php on line 25
[25-Nov-2018 18:33:32 UTC] PHP Fatal error:  Uncaught Error: Function name must be a string in /Users/student/Desktop/soundblogChilddg/wp-content/themes/twentyseventeen-child/functions.php:25
Stack trace:
#0 /Users/student/Desktop/soundblogChilddg/wp-content/themes/twentyseventeen-child/template-parts/post/content.php(26): twentyseventeen_posted_on()
#1 /Users/student/Desktop/soundblogChilddg/wp-includes/template.php(690): require('/Users/student/...')
#2 /Users/student/Desktop/soundblogChilddg/wp-includes/template.php(647): load_template('/Users/student/...', false)
#3 /Users/student/Desktop/soundblogChilddg/wp-includes/general-template.php(155): locate_template(Array, true, false)
#4 /Users/student/Desktop/soundblogChilddg/wp-content/themes/twentyseventeen-child/single.php(23): get_template_part('template-parts/...', '')
#5 /Users/student/Desktop/soundblogChilddg/wp-includes/template-loader.php(74): include('/Users/student/...')
#6 /Users/student/Desktop/soundblogChilddg/wp-blog-header.php(19): require_once('/Users/student/...')
#7 /Users/student/Desk in /Users/student/Desktop/soundblogChilddg/wp-content/themes/twentyseventeen-child/functions.php on line 25
[25-Nov-2018 18:33:37 UTC] PHP Fatal error:  Uncaught Error: Function name must be a string in /Users/student/Desktop/soundblogChilddg/wp-content/themes/twentyseventeen-child/functions.php:25
Stack trace:
#0 /Users/student/Desktop/soundblogChilddg/wp-content/themes/twentyseventeen-child/template-parts/post/content.php(26): twentyseventeen_posted_on()
#1 /Users/student/Desktop/soundblogChilddg/wp-includes/template.php(690): require('/Users/student/...')
#2 /Users/student/Desktop/soundblogChilddg/wp-includes/template.php(647): load_template('/Users/student/...', false)
#3 /Users/student/Desktop/soundblogChilddg/wp-includes/general-template.php(155): locate_template(Array, true, false)
#4 /Users/student/Desktop/soundblogChilddg/wp-content/themes/twentyseventeen-child/single.php(23): get_template_part('template-parts/...', '')
#5 /Users/student/Desktop/soundblogChilddg/wp-includes/template-loader.php(74): include('/Users/student/...')
#6 /Users/student/Desktop/soundblogChilddg/wp-blog-header.php(19): require_once('/Users/student/...')
#7 /Users/student/Desk in /Users/student/Desktop/soundblogChilddg/wp-content/themes/twentyseventeen-child/functions.php on line 25
[25-Nov-2018 18:35:57 UTC] PHP Fatal error:  Uncaught Error: Function name must be a string in /Users/student/Desktop/soundblogChilddg/wp-content/themes/twentyseventeen-child/functions.php:25
Stack trace:
#0 /Users/student/Desktop/soundblogChilddg/wp-content/themes/twentyseventeen-child/template-parts/post/content.php(26): twentyseventeen_posted_on()
#1 /Users/student/Desktop/soundblogChilddg/wp-includes/template.php(690): require('/Users/student/...')
#2 /Users/student/Desktop/soundblogChilddg/wp-includes/template.php(647): load_template('/Users/student/...', false)
#3 /Users/student/Desktop/soundblogChilddg/wp-includes/general-template.php(155): locate_template(Array, true, false)
#4 /Users/student/Desktop/soundblogChilddg/wp-content/themes/twentyseventeen-child/single.php(23): get_template_part('template-parts/...', '')
#5 /Users/student/Desktop/soundblogChilddg/wp-includes/template-loader.php(74): include('/Users/student/...')
#6 /Users/student/Desktop/soundblogChilddg/wp-blog-header.php(19): require_once('/Users/student/...')
#7 /Users/student/Desk in /Users/student/Desktop/soundblogChilddg/wp-content/themes/twentyseventeen-child/functions.php on line 25
[25-Nov-2018 18:36:47 UTC] PHP Fatal error:  Uncaught Error: Function name must be a string in /Users/student/Desktop/soundblogChilddg/wp-content/themes/twentyseventeen-child/functions.php:22
Stack trace:
#0 /Users/student/Desktop/soundblogChilddg/wp-content/themes/twentyseventeen-child/template-parts/post/content.php(26): twentyseventeen_posted_on()
#1 /Users/student/Desktop/soundblogChilddg/wp-includes/template.php(690): require('/Users/student/...')
#2 /Users/student/Desktop/soundblogChilddg/wp-includes/template.php(647): load_template('/Users/student/...', false)
#3 /Users/student/Desktop/soundblogChilddg/wp-includes/general-template.php(155): locate_template(Array, true, false)
#4 /Users/student/Desktop/soundblogChilddg/wp-content/themes/twentyseventeen-child/single.php(23): get_template_part('template-parts/...', '')
#5 /Users/student/Desktop/soundblogChilddg/wp-includes/template-loader.php(74): include('/Users/student/...')
#6 /Users/student/Desktop/soundblogChilddg/wp-blog-header.php(19): require_once('/Users/student/...')
#7 /Users/student/Desk in /Users/student/Desktop/soundblogChilddg/wp-content/themes/twentyseventeen-child/functions.php on line 22
[25-Nov-2018 18:38:05 UTC] PHP Fatal error:  Uncaught Error: Function name must be a string in /Users/student/Desktop/soundblogChilddg/wp-content/themes/twentyseventeen-child/functions.php:25
Stack trace:
#0 /Users/student/Desktop/soundblogChilddg/wp-content/themes/twentyseventeen-child/template-parts/post/content.php(26): twentyseventeen_posted_on()
#1 /Users/student/Desktop/soundblogChilddg/wp-includes/template.php(690): require('/Users/student/...')
#2 /Users/student/Desktop/soundblogChilddg/wp-includes/template.php(647): load_template('/Users/student/...', false)
#3 /Users/student/Desktop/soundblogChilddg/wp-includes/general-template.php(155): locate_template(Array, true, false)
#4 /Users/student/Desktop/soundblogChilddg/wp-content/themes/twentyseventeen-child/single.php(23): get_template_part('template-parts/...', '')
#5 /Users/student/Desktop/soundblogChilddg/wp-includes/template-loader.php(74): include('/Users/student/...')
#6 /Users/student/Desktop/soundblogChilddg/wp-blog-header.php(19): require_once('/Users/student/...')
#7 /Users/student/Desk in /Users/student/Desktop/soundblogChilddg/wp-content/themes/twentyseventeen-child/functions.php on line 25
[25-Nov-2018 18:39:08 UTC] PHP Fatal error:  Uncaught Error: Function name must be a string in /Users/student/Desktop/soundblogChilddg/wp-content/themes/twentyseventeen-child/functions.php:25
Stack trace:
#0 /Users/student/Desktop/soundblogChilddg/wp-content/themes/twentyseventeen-child/template-parts/post/content.php(26): twentyseventeen_posted_on()
#1 /Users/student/Desktop/soundblogChilddg/wp-includes/template.php(690): require('/Users/student/...')
#2 /Users/student/Desktop/soundblogChilddg/wp-includes/template.php(647): load_template('/Users/student/...', false)
#3 /Users/student/Desktop/soundblogChilddg/wp-includes/general-template.php(155): locate_template(Array, true, false)
#4 /Users/student/Desktop/soundblogChilddg/wp-content/themes/twentyseventeen-child/single.php(23): get_template_part('template-parts/...', '')
#5 /Users/student/Desktop/soundblogChilddg/wp-includes/template-loader.php(74): include('/Users/student/...')
#6 /Users/student/Desktop/soundblogChilddg/wp-blog-header.php(19): require_once('/Users/student/...')
#7 /Users/student/Desk in /Users/student/Desktop/soundblogChilddg/wp-content/themes/twentyseventeen-child/functions.php on line 25
[25-Nov-2018 18:40:02 UTC] PHP Fatal error:  Uncaught Error: Function name must be a string in /Users/student/Desktop/soundblogChilddg/wp-content/themes/twentyseventeen-child/functions.php:25
Stack trace:
#0 /Users/student/Desktop/soundblogChilddg/wp-content/themes/twentyseventeen-child/template-parts/post/content.php(26): twentyseventeen_posted_on()
#1 /Users/student/Desktop/soundblogChilddg/wp-includes/template.php(690): require('/Users/student/...')
#2 /Users/student/Desktop/soundblogChilddg/wp-includes/template.php(647): load_template('/Users/student/...', false)
#3 /Users/student/Desktop/soundblogChilddg/wp-includes/general-template.php(155): locate_template(Array, true, false)
#4 /Users/student/Desktop/soundblogChilddg/wp-content/themes/twentyseventeen-child/single.php(23): get_template_part('template-parts/...', '')
#5 /Users/student/Desktop/soundblogChilddg/wp-includes/template-loader.php(74): include('/Users/student/...')
#6 /Users/student/Desktop/soundblogChilddg/wp-blog-header.php(19): require_once('/Users/student/...')
#7 /Users/student/Desk in /Users/student/Desktop/soundblogChilddg/wp-content/themes/twentyseventeen-child/functions.php on line 25
[25-Nov-2018 18:40:22 UTC] PHP Fatal error:  Uncaught Error: Function name must be a string in /Users/student/Desktop/soundblogChilddg/wp-content/themes/twentyseventeen-child/functions.php:25
Stack trace:
#0 /Users/student/Desktop/soundblogChilddg/wp-content/themes/twentyseventeen-child/template-parts/post/content.php(26): twentyseventeen_posted_on()
#1 /Users/student/Desktop/soundblogChilddg/wp-includes/template.php(690): require('/Users/student/...')
#2 /Users/student/Desktop/soundblogChilddg/wp-includes/template.php(647): load_template('/Users/student/...', false)
#3 /Users/student/Desktop/soundblogChilddg/wp-includes/general-template.php(155): locate_template(Array, true, false)
#4 /Users/student/Desktop/soundblogChilddg/wp-content/themes/twentyseventeen-child/single.php(23): get_template_part('template-parts/...', '')
#5 /Users/student/Desktop/soundblogChilddg/wp-includes/template-loader.php(74): include('/Users/student/...')
#6 /Users/student/Desktop/soundblogChilddg/wp-blog-header.php(19): require_once('/Users/student/...')
#7 /Users/student/Desk in /Users/student/Desktop/soundblogChilddg/wp-content/themes/twentyseventeen-child/functions.php on line 25
[25-Nov-2018 18:55:49 UTC] PHP Parse error:  syntax error, unexpected 'endforeach' (T_ENDFOREACH), expecting ',' or ';' in /Users/student/Desktop/soundblogChilddg/wp-content/themes/twentyseventeen-child/template-parts/post/content.php on line 78
[25-Nov-2018 19:15:30 UTC] PHP Notice:  Trying to get property of non-object in /Users/student/Desktop/soundblogChilddg/wp-includes/post-template.php on line 298
[25-Nov-2018 19:15:30 UTC] PHP Notice:  Trying to get property of non-object in /Users/student/Desktop/soundblogChilddg/wp-includes/post-template.php on line 298
[25-Nov-2018 19:15:30 UTC] PHP Notice:  Trying to get property of non-object in /Users/student/Desktop/soundblogChilddg/wp-includes/post-template.php on line 298
[26-Nov-2018 17:02:02 UTC] PHP Fatal error:  Uncaught Error: Call to undefined function get_field() in /Users/student/Desktop/soundblogChilddg/wp-content/themes/twentyseventeen-child/template-parts/post/content.php:60
Stack trace:
#0 /Users/student/Desktop/soundblogChilddg/wp-includes/template.php(690): require()
#1 /Users/student/Desktop/soundblogChilddg/wp-includes/template.php(647): load_template('/Users/student/...', false)
#2 /Users/student/Desktop/soundblogChilddg/wp-includes/general-template.php(155): locate_template(Array, true, false)
#3 /Users/student/Desktop/soundblogChilddg/wp-content/themes/twentyseventeen/index.php(45): get_template_part('template-parts/...', '')
#4 /Users/student/Desktop/soundblogChilddg/wp-includes/template-loader.php(74): include('/Users/student/...')
#5 /Users/student/Desktop/soundblogChilddg/wp-blog-header.php(19): require_once('/Users/student/...')
#6 /Users/student/Desktop/soundblogChilddg/index.php(17): require('/Users/student/...')
#7 {main}
  thrown in /Users/student/Desktop/soundblogChilddg/wp-content/themes/twentyseventeen-child/template-parts/post/content.php on line 60
[26-Nov-2018 17:02:14 UTC] PHP Fatal error:  Uncaught Error: Call to undefined function get_field() in /Users/student/Desktop/soundblogChilddg/wp-content/themes/twentyseventeen-child/template-parts/post/content.php:60
Stack trace:
#0 /Users/student/Desktop/soundblogChilddg/wp-includes/template.php(690): require()
#1 /Users/student/Desktop/soundblogChilddg/wp-includes/template.php(647): load_template('/Users/student/...', false)
#2 /Users/student/Desktop/soundblogChilddg/wp-includes/general-template.php(155): locate_template(Array, true, false)
#3 /Users/student/Desktop/soundblogChilddg/wp-content/themes/twentyseventeen/index.php(45): get_template_part('template-parts/...', '')
#4 /Users/student/Desktop/soundblogChilddg/wp-includes/template-loader.php(74): include('/Users/student/...')
#5 /Users/student/Desktop/soundblogChilddg/wp-blog-header.php(19): require_once('/Users/student/...')
#6 /Users/student/Desktop/soundblogChilddg/index.php(17): require('/Users/student/...')
#7 {main}
  thrown in /Users/student/Desktop/soundblogChilddg/wp-content/themes/twentyseventeen-child/template-parts/post/content.php on line 60
[26-Nov-2018 17:02:53 UTC] PHP Notice:  Trying to get property of non-object in /Users/student/Desktop/soundblogChilddg/wp-includes/post-template.php on line 298
[26-Nov-2018 17:02:53 UTC] PHP Notice:  Trying to get property of non-object in /Users/student/Desktop/soundblogChilddg/wp-includes/post-template.php on line 298
[26-Nov-2018 17:02:53 UTC] PHP Notice:  Trying to get property of non-object in /Users/student/Desktop/soundblogChilddg/wp-includes/post-template.php on line 298
[26-Nov-2018 17:02:53 UTC] PHP Notice:  Trying to get property of non-object in /Users/student/Desktop/soundblogChilddg/wp-includes/post-template.php on line 298
[26-Nov-2018 17:05:55 UTC] PHP Notice:  Trying to get property of non-object in /Users/student/Desktop/soundblogChilddg/wp-includes/post-template.php on line 298
[26-Nov-2018 17:05:55 UTC] PHP Notice:  Trying to get property of non-object in /Users/student/Desktop/soundblogChilddg/wp-includes/post-template.php on line 298
[26-Nov-2018 17:05:55 UTC] PHP Notice:  Trying to get property of non-object in /Users/student/Desktop/soundblogChilddg/wp-includes/post-template.php on line 298
[26-Nov-2018 17:05:55 UTC] PHP Notice:  Trying to get property of non-object in /Users/student/Desktop/soundblogChilddg/wp-includes/post-template.php on line 298
[26-Nov-2018 17:11:47 UTC] PHP Notice:  Trying to get property of non-object in /Users/student/Desktop/soundblogChilddg/wp-includes/post-template.php on line 298
[26-Nov-2018 17:11:47 UTC] PHP Notice:  Trying to get property of non-object in /Users/student/Desktop/soundblogChilddg/wp-includes/post-template.php on line 298
[26-Nov-2018 17:11:47 UTC] PHP Notice:  Trying to get property of non-object in /Users/student/Desktop/soundblogChilddg/wp-includes/post-template.php on line 298
[26-Nov-2018 17:14:31 UTC] PHP Notice:  Trying to get property of non-object in /Users/student/Desktop/soundblogChilddg/wp-includes/post-template.php on line 298
[26-Nov-2018 17:14:31 UTC] PHP Notice:  Trying to get property of non-object in /Users/student/Desktop/soundblogChilddg/wp-includes/post-template.php on line 298
[26-Nov-2018 17:14:31 UTC] PHP Notice:  Trying to get property of non-object in /Users/student/Desktop/soundblogChilddg/wp-includes/post-template.php on line 298
[26-Nov-2018 17:14:40 UTC] PHP Notice:  Trying to get property of non-object in /Users/student/Desktop/soundblogChilddg/wp-includes/post-template.php on line 298
[26-Nov-2018 17:14:40 UTC] PHP Notice:  Trying to get property of non-object in /Users/student/Desktop/soundblogChilddg/wp-includes/post-template.php on line 298
[26-Nov-2018 17:14:40 UTC] PHP Notice:  Trying to get property of non-object in /Users/student/Desktop/soundblogChilddg/wp-includes/post-template.php on line 298
[26-Nov-2018 17:15:03 UTC] PHP Notice:  Trying to get property of non-object in /Users/student/Desktop/soundblogChilddg/wp-includes/post-template.php on line 298
[26-Nov-2018 17:15:03 UTC] PHP Notice:  Trying to get property of non-object in /Users/student/Desktop/soundblogChilddg/wp-includes/post-template.php on line 298
[26-Nov-2018 17:15:03 UTC] PHP Notice:  Trying to get property of non-object in /Users/student/Desktop/soundblogChilddg/wp-includes/post-template.php on line 298
[26-Nov-2018 17:15:39 UTC] PHP Notice:  Trying to get property of non-object in /Users/student/Desktop/soundblogChilddg/wp-includes/post-template.php on line 298
[26-Nov-2018 17:15:39 UTC] PHP Notice:  Trying to get property of non-object in /Users/student/Desktop/soundblogChilddg/wp-includes/post-template.php on line 298
[26-Nov-2018 17:15:39 UTC] PHP Notice:  Trying to get property of non-object in /Users/student/Desktop/soundblogChilddg/wp-includes/post-template.php on line 298
[26-Nov-2018 17:16:02 UTC] PHP Notice:  Trying to get property of non-object in /Users/student/Desktop/soundblogChilddg/wp-includes/post-template.php on line 298
[26-Nov-2018 17:16:02 UTC] PHP Notice:  Trying to get property of non-object in /Users/student/Desktop/soundblogChilddg/wp-includes/post-template.php on line 298
[26-Nov-2018 17:16:02 UTC] PHP Notice:  Trying to get property of non-object in /Users/student/Desktop/soundblogChilddg/wp-includes/post-template.php on line 298
[26-Nov-2018 17:19:28 UTC] PHP Notice:  Trying to get property of non-object in /Users/student/Desktop/soundblogChilddg/wp-includes/post-template.php on line 298
[26-Nov-2018 17:19:28 UTC] PHP Notice:  Trying to get property of non-object in /Users/student/Desktop/soundblogChilddg/wp-includes/post-template.php on line 298
[26-Nov-2018 17:19:28 UTC] PHP Notice:  Trying to get property of non-object in /Users/student/Desktop/soundblogChilddg/wp-includes/post-template.php on line 298
[26-Nov-2018 17:19:44 UTC] PHP Notice:  Trying to get property of non-object in /Users/student/Desktop/soundblogChilddg/wp-includes/post-template.php on line 298
[26-Nov-2018 17:19:44 UTC] PHP Notice:  Trying to get property of non-object in /Users/student/Desktop/soundblogChilddg/wp-includes/post-template.php on line 298
[26-Nov-2018 17:19:44 UTC] PHP Notice:  Trying to get property of non-object in /Users/student/Desktop/soundblogChilddg/wp-includes/post-template.php on line 298
[26-Nov-2018 17:20:05 UTC] PHP Notice:  Trying to get property of non-object in /Users/student/Desktop/soundblogChilddg/wp-includes/post-template.php on line 298
[26-Nov-2018 17:20:05 UTC] PHP Notice:  Trying to get property of non-object in /Users/student/Desktop/soundblogChilddg/wp-includes/post-template.php on line 298
[26-Nov-2018 17:20:05 UTC] PHP Notice:  Trying to get property of non-object in /Users/student/Desktop/soundblogChilddg/wp-includes/post-template.php on line 298
<<<<<<< HEAD
[26-Nov-2018 18:19:42 UTC] PHP Fatal error:  Uncaught Error: Call to a member function add_rewrite_tag() on null in /Users/student/Desktop/soundblogChilddg/wp-includes/rewrite.php:172
Stack trace:
#0 /Users/student/Desktop/soundblogChilddg/wp-includes/class-wp-post-type.php(543): add_rewrite_tag('%concerts%', '([^/]+)', 'concerts=')
#1 /Users/student/Desktop/soundblogChilddg/wp-includes/post.php(1196): WP_Post_Type->add_rewrite_rules()
#2 /Users/student/Desktop/soundblogChilddg/wp-content/plugins/concerts-custom-post.php(38): register_post_type('concerts', Array)
#3 /Users/student/Desktop/soundblogChilddg/wp-settings.php(305): include_once('/Users/student/...')
#4 /Users/student/Desktop/soundblogChilddg/wp-config.php(97): require_once('/Users/student/...')
#5 /Users/student/Desktop/soundblogChilddg/wp-load.php(37): require_once('/Users/student/...')
#6 /Users/student/Desktop/soundblogChilddg/wp-admin/admin-ajax.php(22): require_once('/Users/student/...')
#7 {main}
  thrown in /Users/student/Desktop/soundblogChilddg/wp-includes/rewrite.php on line 172
[26-Nov-2018 18:19:44 UTC] PHP Fatal error:  Uncaught Error: Call to a member function add_rewrite_tag() on null in /Users/student/Desktop/soundblogChilddg/wp-includes/rewrite.php:172
Stack trace:
#0 /Users/student/Desktop/soundblogChilddg/wp-includes/class-wp-post-type.php(543): add_rewrite_tag('%concerts%', '([^/]+)', 'concerts=')
#1 /Users/student/Desktop/soundblogChilddg/wp-includes/post.php(1196): WP_Post_Type->add_rewrite_rules()
#2 /Users/student/Desktop/soundblogChilddg/wp-content/plugins/concerts-custom-post.php(38): register_post_type('concerts', Array)
#3 /Users/student/Desktop/soundblogChilddg/wp-settings.php(305): include_once('/Users/student/...')
#4 /Users/student/Desktop/soundblogChilddg/wp-config.php(97): require_once('/Users/student/...')
#5 /Users/student/Desktop/soundblogChilddg/wp-load.php(37): require_once('/Users/student/...')
#6 /Users/student/Desktop/soundblogChilddg/wp-admin/admin.php(31): require_once('/Users/student/...')
#7 /Users/student/Desktop/soundblogChilddg/wp-admin/plugins.php(10): require_once('/Users/student/...')
# in /Users/student/Desktop/soundblogChilddg/wp-includes/rewrite.php on line 172
=======
[26-Nov-2018 18:47:28 UTC] PHP Notice:  Trying to get property of non-object in /Users/student/Desktop/soundblogChilddg/wp-includes/post-template.php on line 298
[26-Nov-2018 18:47:28 UTC] PHP Notice:  Trying to get property of non-object in /Users/student/Desktop/soundblogChilddg/wp-includes/post-template.php on line 298
[26-Nov-2018 18:47:28 UTC] PHP Notice:  Trying to get property of non-object in /Users/student/Desktop/soundblogChilddg/wp-includes/post-template.php on line 298
[26-Nov-2018 18:50:41 UTC] PHP Notice:  Trying to get property of non-object in /Users/student/Desktop/soundblogChilddg/wp-includes/post-template.php on line 298
[26-Nov-2018 18:50:41 UTC] PHP Notice:  Trying to get property of non-object in /Users/student/Desktop/soundblogChilddg/wp-includes/post-template.php on line 298
[26-Nov-2018 18:50:41 UTC] PHP Notice:  Trying to get property of non-object in /Users/student/Desktop/soundblogChilddg/wp-includes/post-template.php on line 298
[26-Nov-2018 18:52:28 UTC] PHP Notice:  Trying to get property of non-object in /Users/student/Desktop/soundblogChilddg/wp-includes/post-template.php on line 298
[26-Nov-2018 18:52:28 UTC] PHP Notice:  Trying to get property of non-object in /Users/student/Desktop/soundblogChilddg/wp-includes/post-template.php on line 298
[26-Nov-2018 18:52:28 UTC] PHP Notice:  Trying to get property of non-object in /Users/student/Desktop/soundblogChilddg/wp-includes/post-template.php on line 298
[26-Nov-2018 18:54:02 UTC] PHP Notice:  Trying to get property of non-object in /Users/student/Desktop/soundblogChilddg/wp-includes/post-template.php on line 298
[26-Nov-2018 18:54:02 UTC] PHP Notice:  Trying to get property of non-object in /Users/student/Desktop/soundblogChilddg/wp-includes/post-template.php on line 298
[26-Nov-2018 18:54:02 UTC] PHP Notice:  Trying to get property of non-object in /Users/student/Desktop/soundblogChilddg/wp-includes/post-template.php on line 298
>>>>>>> plugin
